<?xml version="1.0" encoding="UTF-8"?>
<coverage generated="1622985659316" clover="3.2.0">
  <project timestamp="1622985659316" name="All files">
    <metrics statements="38" coveredstatements="32" conditionals="0" coveredconditionals="0" methods="9" coveredmethods="6" elements="47" coveredelements="38" complexity="0" loc="38" ncloc="38" packages="1" files="5" classes="5"/>
    <file name="board.js" path="/sandbox/src/board.js">
      <metrics statements="12" coveredstatements="12" conditionals="0" coveredconditionals="0" methods="2" coveredmethods="2"/>
      <line num="3" count="3" type="stmt"/>
      <line num="4" count="3" type="stmt"/>
      <line num="5" count="3" type="stmt"/>
      <line num="6" count="3" type="stmt"/>
      <line num="7" count="3" type="stmt"/>
      <line num="10" count="1" type="stmt"/>
      <line num="11" count="16" type="stmt"/>
      <line num="12" count="16" type="stmt"/>
      <line num="14" count="1" type="stmt"/>
      <line num="15" count="16" type="stmt"/>
      <line num="16" count="16" type="stmt"/>
      <line num="18" count="1" type="stmt"/>
    </file>
    <file name="constants.js" path="/sandbox/src/constants.js">
      <metrics statements="5" coveredstatements="5" conditionals="0" coveredconditionals="0" methods="0" coveredmethods="0"/>
      <line num="1" count="2" type="stmt"/>
      <line num="2" count="2" type="stmt"/>
      <line num="3" count="2" type="stmt"/>
      <line num="4" count="2" type="stmt"/>
      <line num="5" count="2" type="stmt"/>
    </file>
    <file name="mockCtx.js" path="/sandbox/src/mockCtx.js">
      <metrics statements="1" coveredstatements="1" conditionals="0" coveredconditionals="0" methods="0" coveredmethods="0"/>
      <line num="3" count="2" type="stmt"/>
    </file>
    <file name="sim.js" path="/sandbox/src/sim.js">
      <metrics statements="17" coveredstatements="11" conditionals="0" coveredconditionals="0" methods="6" coveredmethods="3"/>
      <line num="12" count="1" type="stmt"/>
      <line num="14" count="60" type="stmt"/>
      <line num="15" count="60" type="stmt"/>
      <line num="18" count="0" type="stmt"/>
      <line num="19" count="0" type="stmt"/>
      <line num="28" count="1" type="stmt"/>
      <line num="30" count="1" type="stmt"/>
      <line num="33" count="2" type="stmt"/>
      <line num="34" count="60" type="stmt"/>
      <line num="35" count="60" type="stmt"/>
      <line num="40" count="1" type="stmt"/>
      <line num="41" count="1" type="stmt"/>
      <line num="43" count="1" type="stmt"/>
      <line num="46" count="0" type="stmt"/>
      <line num="48" count="0" type="stmt"/>
      <line num="50" count="0" type="stmt"/>
      <line num="51" count="0" type="stmt"/>
    </file>
    <file name="utility.js" path="/sandbox/src/utility.js">
      <metrics statements="3" coveredstatements="3" conditionals="0" coveredconditionals="0" methods="1" coveredmethods="1"/>
      <line num="2" count="121" type="stmt"/>
      <line num="3" count="121" type="stmt"/>
      <line num="4" count="121" type="stmt"/>
    </file>
  </project>
</coverage>
