{"/sandbox/src/board.js": {"path":"/sandbox/src/board.js","statementMap":{"0":{"start":{"line":3,"column":4},"end":{"line":3,"column":21}},"1":{"start":{"line":4,"column":4},"end":{"line":4,"column":21}},"2":{"start":{"line":5,"column":4},"end":{"line":5,"column":33}},"3":{"start":{"line":6,"column":4},"end":{"line":6,"column":35}},"4":{"start":{"line":7,"column":4},"end":{"line":7,"column":36}},"5":{"start":{"line":10,"column":4},"end":{"line":13,"column":5}},"6":{"start":{"line":10,"column":17},"end":{"line":10,"column":18}},"7":{"start":{"line":11,"column":6},"end":{"line":11,"column":41}},"8":{"start":{"line":12,"column":6},"end":{"line":12,"column":51}},"9":{"start":{"line":14,"column":4},"end":{"line":17,"column":5}},"10":{"start":{"line":14,"column":17},"end":{"line":14,"column":18}},"11":{"start":{"line":15,"column":6},"end":{"line":15,"column":41}},"12":{"start":{"line":16,"column":6},"end":{"line":16,"column":50}},"13":{"start":{"line":18,"column":4},"end":{"line":18,"column":17}}},"fnMap":{"0":{"name":"(anonymous_0)","decl":{"start":{"line":2,"column":2},"end":{"line":2,"column":3}},"loc":{"start":{"line":2,"column":38},"end":{"line":8,"column":3}},"line":2},"1":{"name":"(anonymous_1)","decl":{"start":{"line":9,"column":2},"end":{"line":9,"column":3}},"loc":{"start":{"line":9,"column":16},"end":{"line":19,"column":3}},"line":9}},"branchMap":{},"s":{"0":3,"1":3,"2":3,"3":3,"4":3,"5":1,"6":1,"7":16,"8":16,"9":1,"10":1,"11":16,"12":16,"13":1},"f":{"0":3,"1":1},"b":{},"inputSourceMap":null,"_coverageSchema":"1a1c01bbd47fc00a2c39e90264f33305004495a9","hash":"134b7c7eae21716bea4abfbb4be1f6b02a6f7b9a"}
,"/sandbox/src/constants.js": {"path":"/sandbox/src/constants.js","statementMap":{"0":{"start":{"line":1,"column":14},"end":{"line":1,"column":16}},"1":{"start":{"line":2,"column":14},"end":{"line":2,"column":16}},"2":{"start":{"line":3,"column":16},"end":{"line":3,"column":18}},"3":{"start":{"line":4,"column":23},"end":{"line":4,"column":25}},"4":{"start":{"line":5,"column":19},"end":{"line":5,"column":41}}},"fnMap":{},"branchMap":{},"s":{"0":2,"1":2,"2":2,"3":2,"4":2},"f":{},"b":{},"inputSourceMap":null,"_coverageSchema":"1a1c01bbd47fc00a2c39e90264f33305004495a9","hash":"5a6ae2d52e93ef69c67427d4ce302d948d6d164d"}
,"/sandbox/src/mockCtx.js": {"path":"/sandbox/src/mockCtx.js","statementMap":{"0":{"start":{"line":3,"column":19},"end":{"line":13,"column":1}}},"fnMap":{},"branchMap":{},"s":{"0":2},"f":{},"b":{},"inputSourceMap":null,"_coverageSchema":"1a1c01bbd47fc00a2c39e90264f33305004495a9","hash":"cb31e14c2cf6c7cf1b4e815b0f68e0ba92ea422b"}
,"/sandbox/src/sim.js": {"path":"/sandbox/src/sim.js","statementMap":{"0":{"start":{"line":12,"column":17},"end":{"line":12,"column":27}},"1":{"start":{"line":14,"column":4},"end":{"line":14,"column":15}},"2":{"start":{"line":15,"column":4},"end":{"line":15,"column":15}},"3":{"start":{"line":18,"column":4},"end":{"line":18,"column":31}},"4":{"start":{"line":19,"column":4},"end":{"line":24,"column":6}},"5":{"start":{"line":28,"column":14},"end":{"line":28,"column":46}},"6":{"start":{"line":30,"column":12},"end":{"line":30,"column":14}},"7":{"start":{"line":33,"column":2},"end":{"line":36,"column":3}},"8":{"start":{"line":33,"column":15},"end":{"line":33,"column":16}},"9":{"start":{"line":34,"column":15},"end":{"line":34,"column":71}},"10":{"start":{"line":35,"column":4},"end":{"line":35,"column":21}},"11":{"start":{"line":40,"column":2},"end":{"line":40,"column":33}},"12":{"start":{"line":41,"column":2},"end":{"line":41,"column":35}},"13":{"start":{"line":43,"column":2},"end":{"line":43,"column":21}},"14":{"start":{"line":46,"column":2},"end":{"line":46,"column":22}},"15":{"start":{"line":48,"column":2},"end":{"line":48,"column":25}},"16":{"start":{"line":50,"column":2},"end":{"line":52,"column":5}},"17":{"start":{"line":51,"column":4},"end":{"line":51,"column":26}}},"fnMap":{"0":{"name":"(anonymous_0)","decl":{"start":{"line":13,"column":2},"end":{"line":13,"column":3}},"loc":{"start":{"line":13,"column":20},"end":{"line":16,"column":3}},"line":13},"1":{"name":"(anonymous_1)","decl":{"start":{"line":17,"column":2},"end":{"line":17,"column":3}},"loc":{"start":{"line":17,"column":19},"end":{"line":25,"column":3}},"line":17},"2":{"name":"createFoods","decl":{"start":{"line":32,"column":16},"end":{"line":32,"column":27}},"loc":{"start":{"line":32,"column":35},"end":{"line":37,"column":1}},"line":32},"3":{"name":"setup","decl":{"start":{"line":39,"column":16},"end":{"line":39,"column":21}},"loc":{"start":{"line":39,"column":27},"end":{"line":44,"column":1}},"line":39},"4":{"name":"draw","decl":{"start":{"line":45,"column":16},"end":{"line":45,"column":20}},"loc":{"start":{"line":45,"column":38},"end":{"line":53,"column":1}},"line":45},"5":{"name":"(anonymous_5)","decl":{"start":{"line":50,"column":16},"end":{"line":50,"column":17}},"loc":{"start":{"line":50,"column":26},"end":{"line":52,"column":3}},"line":50}},"branchMap":{},"s":{"0":1,"1":60,"2":60,"3":0,"4":0,"5":1,"6":1,"7":2,"8":2,"9":60,"10":60,"11":1,"12":1,"13":1,"14":0,"15":0,"16":0,"17":0},"f":{"0":60,"1":0,"2":2,"3":1,"4":0,"5":0},"b":{},"inputSourceMap":null,"_coverageSchema":"1a1c01bbd47fc00a2c39e90264f33305004495a9","hash":"59629a2a993502b4ed50ff34bdeb826e7cea7432"}
,"/sandbox/src/utility.js": {"path":"/sandbox/src/utility.js","statementMap":{"0":{"start":{"line":2,"column":2},"end":{"line":2,"column":23}},"1":{"start":{"line":3,"column":2},"end":{"line":3,"column":24}},"2":{"start":{"line":4,"column":2},"end":{"line":4,"column":59}}},"fnMap":{"0":{"name":"getRandomInt","decl":{"start":{"line":1,"column":16},"end":{"line":1,"column":28}},"loc":{"start":{"line":1,"column":39},"end":{"line":5,"column":1}},"line":1}},"branchMap":{},"s":{"0":121,"1":121,"2":121},"f":{"0":121},"b":{},"inputSourceMap":null,"_coverageSchema":"1a1c01bbd47fc00a2c39e90264f33305004495a9","hash":"d711a02c0bcb1cb2d96dbb8a4aa3ce048642acb8"}
}
