TN:
SF:src\board.js
FN:2,(anonymous_0)
FN:9,(anonymous_1)
FNF:2
FNH:1
FNDA:1,(anonymous_0)
FNDA:0,(anonymous_1)
DA:3,1
DA:4,1
DA:5,1
DA:6,1
DA:7,1
DA:10,0
DA:11,0
DA:12,0
DA:14,0
DA:15,0
DA:16,0
DA:18,0
LF:12
LH:5
BRF:0
BRH:0
end_of_record
TN:
SF:src\constants.js
FNF:0
FNH:0
DA:1,3
DA:2,3
DA:3,3
DA:4,3
DA:5,3
DA:6,3
LF:6
LH:6
BRF:0
BRH:0
end_of_record
TN:
SF:src\food.js
FN:5,(anonymous_0)
FN:10,(anonymous_1)
FN:21,(anonymous_2)
FNF:3
FNH:3
FNDA:7,(anonymous_0)
FNDA:1,(anonymous_1)
FNDA:4,(anonymous_2)
DA:4,2
DA:6,7
DA:7,7
DA:8,7
DA:12,1
DA:13,1
DA:22,4
DA:23,0
DA:25,4
LF:9
LH:8
BRDA:22,0,0,0
BRDA:22,0,1,4
BRDA:25,1,0,4
BRDA:25,1,1,2
BRF:4
BRH:3
end_of_record
TN:
SF:src\mockCtx.js
FNF:0
FNH:0
DA:3,2
LF:1
LH:1
BRF:0
BRH:0
end_of_record
TN:
SF:src\sim.js
FN:8,(anonymous_0)
FN:14,(anonymous_1)
FN:21,(anonymous_2)
FN:27,(anonymous_3)
FN:37,(anonymous_4)
FN:45,(anonymous_5)
FN:48,(anonymous_6)
FN:51,(anonymous_7)
FN:57,(anonymous_8)
FN:60,(anonymous_9)
FNF:10
FNH:8
FNDA:8,(anonymous_0)
FNDA:0,(anonymous_1)
FNDA:1,(anonymous_2)
FNDA:4,(anonymous_3)
FNDA:4,(anonymous_4)
FNDA:35,(anonymous_5)
FNDA:3,(anonymous_6)
FNDA:3,(anonymous_7)
FNDA:1,(anonymous_8)
FNDA:0,(anonymous_9)
DA:9,8
DA:10,8
DA:11,8
DA:15,0
DA:16,0
DA:17,0
DA:22,1
DA:23,1
DA:25,1
DA:28,4
DA:29,35
DA:30,725
DA:31,0
DA:39,4
DA:40,35
DA:41,0
DA:45,35
DA:52,3
DA:53,3
DA:58,1
DA:60,1
DA:61,0
DA:64,1
LF:23
LH:17
BRDA:30,0,0,0
BRDA:30,0,1,725
BRDA:40,1,0,0
BRDA:40,1,1,35
BRF:4
BRH:2
end_of_record
