TN:
SF:src\board.js
FN:2,(anonymous_0)
FN:9,(anonymous_1)
FNF:2
FNH:2
FNDA:2,(anonymous_0)
FNDA:1,(anonymous_1)
DA:3,2
DA:4,2
DA:5,2
DA:6,2
DA:7,2
DA:10,1
DA:11,16
DA:12,16
DA:14,1
DA:15,16
DA:16,16
DA:18,1
LF:12
LH:12
BRF:0
BRH:0
end_of_record
TN:
SF:src\constants.js
FNF:0
FNH:0
DA:1,4
DA:2,4
DA:3,4
DA:4,4
DA:5,4
DA:6,4
LF:6
LH:6
BRF:0
BRH:0
end_of_record
TN:
SF:src\food.js
FN:5,(anonymous_0)
FN:10,(anonymous_1)
FN:21,(anonymous_2)
FNF:3
FNH:3
FNDA:6,(anonymous_0)
FNDA:1,(anonymous_1)
FNDA:4,(anonymous_2)
DA:4,2
DA:6,6
DA:7,6
DA:8,6
DA:12,1
DA:13,1
DA:22,4
DA:23,0
DA:25,4
LF:9
LH:8
BRDA:22,0,0,0
BRDA:22,0,1,4
BRDA:25,1,0,4
BRDA:25,1,1,2
BRF:4
BRH:3
end_of_record
TN:
SF:src\mockCtx.js
FNF:0
FNH:0
DA:3,3
LF:1
LH:1
BRF:0
BRH:0
end_of_record
TN:
SF:src\sim.js
FN:8,(anonymous_0)
FN:14,(anonymous_1)
FN:21,(anonymous_2)
FN:27,(anonymous_3)
FN:39,(anonymous_4)
FN:41,(anonymous_5)
FN:45,(anonymous_6)
FN:48,(anonymous_7)
FNF:8
FNH:8
FNDA:6,(anonymous_0)
FNDA:3,(anonymous_1)
FNDA:1,(anonymous_2)
FNDA:3,(anonymous_3)
FNDA:65,(anonymous_4)
FNDA:3,(anonymous_5)
FNDA:1,(anonymous_6)
FNDA:30,(anonymous_7)
DA:9,6
DA:10,6
DA:11,6
DA:15,3
DA:16,90
DA:17,90
DA:22,1
DA:23,1
DA:25,1
DA:28,3
DA:29,65
DA:30,1625
DA:31,0
DA:34,65
DA:35,0
DA:39,65
DA:42,3
DA:46,1
DA:48,1
DA:49,30
DA:52,1
LF:21
LH:19
BRDA:30,0,0,0
BRDA:30,0,1,1625
BRDA:34,1,0,0
BRDA:34,1,1,65
BRF:4
BRH:2
end_of_record
